<?xml version="1.0" encoding="UTF-8"?>
<testng-results skipped="0" failed="0" ignored="0" total="1" passed="1">
  <reporter-output>
  </reporter-output>
  <suite name="Default suite" duration-ms="18646" started-at="2018-05-14T13:15:36Z" finished-at="2018-05-14T13:15:55Z">
    <groups>
    </groups>
    <test name="Default test" duration-ms="18646" started-at="2018-05-14T13:15:36Z" finished-at="2018-05-14T13:15:55Z">
      <class name="Org.BBG.store.getNearByDeliveryStore">
        <test-method status="PASS" signature="GetNearByDelivryStore()[pri:0, instance:Org.BBG.store.getNearByDeliveryStore@7c469c48]" name="GetNearByDelivryStore" duration-ms="18475" started-at="2018-05-14T13:15:36Z" description="Testing the web service whether success 200 has been received" finished-at="2018-05-14T13:15:55Z">
          <reporter-output>
          </reporter-output>
        </test-method> <!-- GetNearByDelivryStore -->
      </class> <!-- Org.BBG.store.getNearByDeliveryStore -->
    </test> <!-- Default test -->
  </suite> <!-- Default suite -->
</testng-results>
